1578239424884:hi
1578239432916:help
1578239439553:clear
1578239446642:history
1578239459212:stacktrace
1578239465677:exit
1578239484800:help
1578239487514:exit
1578239817120:help
1578239823427:echo
1578239859960:echo -N ofer
1578239888096:history
1578239902766:clear
1578239909785:history
1578239913678:exit
1578239939728:echo --username Bob
1578239949196:help
1578239974350:echo Bob
1578239984824:echo -username Bob
1578240003500:echo --username nnn
1578240011193:echo -N iii
1578240042678:echo --name kdjfhgjkfsd
1578240046044:exit
